running egg_info
writing ../../build/lane_following_robot/lane_following_robot.egg-info/PKG-INFO
writing dependency_links to ../../build/lane_following_robot/lane_following_robot.egg-info/dependency_links.txt
writing entry points to ../../build/lane_following_robot/lane_following_robot.egg-info/entry_points.txt
writing requirements to ../../build/lane_following_robot/lane_following_robot.egg-info/requires.txt
writing top-level names to ../../build/lane_following_robot/lane_following_robot.egg-info/top_level.txt
reading manifest file '../../build/lane_following_robot/lane_following_robot.egg-info/SOURCES.txt'
writing manifest file '../../build/lane_following_robot/lane_following_robot.egg-info/SOURCES.txt'
running build
running build_py
copying lane_following_robot/image_processor.py -> /home/feven/lane_following_ws/build/lane_following_robot/build/lib/lane_following_robot
copying lane_following_robot/controller.py -> /home/feven/lane_following_ws/build/lane_following_robot/build/lib/lane_following_robot
copying lane_following_robot/controller_friction.py -> /home/feven/lane_following_ws/build/lane_following_robot/build/lib/lane_following_robot
copying lane_following_robot/image_processor_friction_issue.py -> /home/feven/lane_following_ws/build/lane_following_robot/build/lib/lane_following_robot
running install
running install_lib
copying /home/feven/lane_following_ws/build/lane_following_robot/build/lib/lane_following_robot/image_processor.py -> /home/feven/lane_following_ws/install/lane_following_robot/lib/python3.10/site-packages/lane_following_robot
copying /home/feven/lane_following_ws/build/lane_following_robot/build/lib/lane_following_robot/controller.py -> /home/feven/lane_following_ws/install/lane_following_robot/lib/python3.10/site-packages/lane_following_robot
copying /home/feven/lane_following_ws/build/lane_following_robot/build/lib/lane_following_robot/controller_friction.py -> /home/feven/lane_following_ws/install/lane_following_robot/lib/python3.10/site-packages/lane_following_robot
copying /home/feven/lane_following_ws/build/lane_following_robot/build/lib/lane_following_robot/image_processor_friction_issue.py -> /home/feven/lane_following_ws/install/lane_following_robot/lib/python3.10/site-packages/lane_following_robot
byte-compiling /home/feven/lane_following_ws/install/lane_following_robot/lib/python3.10/site-packages/lane_following_robot/image_processor.py to image_processor.cpython-310.pyc
byte-compiling /home/feven/lane_following_ws/install/lane_following_robot/lib/python3.10/site-packages/lane_following_robot/controller.py to controller.cpython-310.pyc
byte-compiling /home/feven/lane_following_ws/install/lane_following_robot/lib/python3.10/site-packages/lane_following_robot/controller_friction.py to controller_friction.cpython-310.pyc
byte-compiling /home/feven/lane_following_ws/install/lane_following_robot/lib/python3.10/site-packages/lane_following_robot/image_processor_friction_issue.py to image_processor_friction_issue.cpython-310.pyc
running install_data
copying models/lane_bot/model.urdf -> /home/feven/lane_following_ws/install/lane_following_robot/share/lane_following_robot/models/lane_bot
running install_egg_info
removing '/home/feven/lane_following_ws/install/lane_following_robot/lib/python3.10/site-packages/lane_following_robot-0.0.0-py3.10.egg-info' (and everything under it)
Copying ../../build/lane_following_robot/lane_following_robot.egg-info to /home/feven/lane_following_ws/install/lane_following_robot/lib/python3.10/site-packages/lane_following_robot-0.0.0-py3.10.egg-info
running install_scripts
Installing camera_driver script to /home/feven/lane_following_ws/install/lane_following_robot/lib/lane_following_robot
Installing controller script to /home/feven/lane_following_ws/install/lane_following_robot/lib/lane_following_robot
Installing image_processor script to /home/feven/lane_following_ws/install/lane_following_robot/lib/lane_following_robot
Installing spawn_robot script to /home/feven/lane_following_ws/install/lane_following_robot/lib/lane_following_robot
Installing visualizer script to /home/feven/lane_following_ws/install/lane_following_robot/lib/lane_following_robot
writing list of installed files to '/home/feven/lane_following_ws/build/lane_following_robot/install.log'
