running egg_info
creating ../../build/lane_following_robot/lane_following_robot.egg-info
writing ../../build/lane_following_robot/lane_following_robot.egg-info/PKG-INFO
writing dependency_links to ../../build/lane_following_robot/lane_following_robot.egg-info/dependency_links.txt
writing entry points to ../../build/lane_following_robot/lane_following_robot.egg-info/entry_points.txt
writing requirements to ../../build/lane_following_robot/lane_following_robot.egg-info/requires.txt
writing top-level names to ../../build/lane_following_robot/lane_following_robot.egg-info/top_level.txt
writing manifest file '../../build/lane_following_robot/lane_following_robot.egg-info/SOURCES.txt'
reading manifest file '../../build/lane_following_robot/lane_following_robot.egg-info/SOURCES.txt'
writing manifest file '../../build/lane_following_robot/lane_following_robot.egg-info/SOURCES.txt'
running build
running build_py
creating /home/feven/lane_following_ws/build/lane_following_robot/build
creating /home/feven/lane_following_ws/build/lane_following_robot/build/lib
creating /home/feven/lane_following_ws/build/lane_following_robot/build/lib/lane_following_robot
copying lane_following_robot/controllergray.py -> /home/feven/lane_following_ws/build/lane_following_robot/build/lib/lane_following_robot
copying lane_following_robot/image_processor.py -> /home/feven/lane_following_ws/build/lane_following_robot/build/lib/lane_following_robot
copying lane_following_robot/controller.py -> /home/feven/lane_following_ws/build/lane_following_robot/build/lib/lane_following_robot
copying lane_following_robot/spawn_robot.py -> /home/feven/lane_following_ws/build/lane_following_robot/build/lib/lane_following_robot
copying lane_following_robot/visualizer.py -> /home/feven/lane_following_ws/build/lane_following_robot/build/lib/lane_following_robot
copying lane_following_robot/camera_driver2.py -> /home/feven/lane_following_ws/build/lane_following_robot/build/lib/lane_following_robot
copying lane_following_robot/image_processorgray.py -> /home/feven/lane_following_ws/build/lane_following_robot/build/lib/lane_following_robot
copying lane_following_robot/test_cv_display.py -> /home/feven/lane_following_ws/build/lane_following_robot/build/lib/lane_following_robot
copying lane_following_robot/camera_driver.py -> /home/feven/lane_following_ws/build/lane_following_robot/build/lib/lane_following_robot
copying lane_following_robot/spawn_robotAfterRotate.py -> /home/feven/lane_following_ws/build/lane_following_robot/build/lib/lane_following_robot
copying lane_following_robot/__init__.py -> /home/feven/lane_following_ws/build/lane_following_robot/build/lib/lane_following_robot
running install
running install_lib
creating /home/feven/lane_following_ws/install/lane_following_robot/lib/python3.10/site-packages/lane_following_robot
copying /home/feven/lane_following_ws/build/lane_following_robot/build/lib/lane_following_robot/controllergray.py -> /home/feven/lane_following_ws/install/lane_following_robot/lib/python3.10/site-packages/lane_following_robot
copying /home/feven/lane_following_ws/build/lane_following_robot/build/lib/lane_following_robot/image_processor.py -> /home/feven/lane_following_ws/install/lane_following_robot/lib/python3.10/site-packages/lane_following_robot
copying /home/feven/lane_following_ws/build/lane_following_robot/build/lib/lane_following_robot/controller.py -> /home/feven/lane_following_ws/install/lane_following_robot/lib/python3.10/site-packages/lane_following_robot
copying /home/feven/lane_following_ws/build/lane_following_robot/build/lib/lane_following_robot/spawn_robot.py -> /home/feven/lane_following_ws/install/lane_following_robot/lib/python3.10/site-packages/lane_following_robot
copying /home/feven/lane_following_ws/build/lane_following_robot/build/lib/lane_following_robot/visualizer.py -> /home/feven/lane_following_ws/install/lane_following_robot/lib/python3.10/site-packages/lane_following_robot
copying /home/feven/lane_following_ws/build/lane_following_robot/build/lib/lane_following_robot/camera_driver2.py -> /home/feven/lane_following_ws/install/lane_following_robot/lib/python3.10/site-packages/lane_following_robot
copying /home/feven/lane_following_ws/build/lane_following_robot/build/lib/lane_following_robot/image_processorgray.py -> /home/feven/lane_following_ws/install/lane_following_robot/lib/python3.10/site-packages/lane_following_robot
copying /home/feven/lane_following_ws/build/lane_following_robot/build/lib/lane_following_robot/test_cv_display.py -> /home/feven/lane_following_ws/install/lane_following_robot/lib/python3.10/site-packages/lane_following_robot
copying /home/feven/lane_following_ws/build/lane_following_robot/build/lib/lane_following_robot/camera_driver.py -> /home/feven/lane_following_ws/install/lane_following_robot/lib/python3.10/site-packages/lane_following_robot
copying /home/feven/lane_following_ws/build/lane_following_robot/build/lib/lane_following_robot/spawn_robotAfterRotate.py -> /home/feven/lane_following_ws/install/lane_following_robot/lib/python3.10/site-packages/lane_following_robot
copying /home/feven/lane_following_ws/build/lane_following_robot/build/lib/lane_following_robot/__init__.py -> /home/feven/lane_following_ws/install/lane_following_robot/lib/python3.10/site-packages/lane_following_robot
byte-compiling /home/feven/lane_following_ws/install/lane_following_robot/lib/python3.10/site-packages/lane_following_robot/controllergray.py to controllergray.cpython-310.pyc
byte-compiling /home/feven/lane_following_ws/install/lane_following_robot/lib/python3.10/site-packages/lane_following_robot/image_processor.py to image_processor.cpython-310.pyc
byte-compiling /home/feven/lane_following_ws/install/lane_following_robot/lib/python3.10/site-packages/lane_following_robot/controller.py to controller.cpython-310.pyc
byte-compiling /home/feven/lane_following_ws/install/lane_following_robot/lib/python3.10/site-packages/lane_following_robot/spawn_robot.py to spawn_robot.cpython-310.pyc
byte-compiling /home/feven/lane_following_ws/install/lane_following_robot/lib/python3.10/site-packages/lane_following_robot/visualizer.py to visualizer.cpython-310.pyc
byte-compiling /home/feven/lane_following_ws/install/lane_following_robot/lib/python3.10/site-packages/lane_following_robot/camera_driver2.py to camera_driver2.cpython-310.pyc
byte-compiling /home/feven/lane_following_ws/install/lane_following_robot/lib/python3.10/site-packages/lane_following_robot/image_processorgray.py to image_processorgray.cpython-310.pyc
byte-compiling /home/feven/lane_following_ws/install/lane_following_robot/lib/python3.10/site-packages/lane_following_robot/test_cv_display.py to test_cv_display.cpython-310.pyc
byte-compiling /home/feven/lane_following_ws/install/lane_following_robot/lib/python3.10/site-packages/lane_following_robot/camera_driver.py to camera_driver.cpython-310.pyc
byte-compiling /home/feven/lane_following_ws/install/lane_following_robot/lib/python3.10/site-packages/lane_following_robot/spawn_robotAfterRotate.py to spawn_robotAfterRotate.cpython-310.pyc
byte-compiling /home/feven/lane_following_ws/install/lane_following_robot/lib/python3.10/site-packages/lane_following_robot/__init__.py to __init__.cpython-310.pyc
running install_data
creating /home/feven/lane_following_ws/install/lane_following_robot/share/ament_index
creating /home/feven/lane_following_ws/install/lane_following_robot/share/ament_index/resource_index
creating /home/feven/lane_following_ws/install/lane_following_robot/share/ament_index/resource_index/packages
copying resource/lane_following_robot -> /home/feven/lane_following_ws/install/lane_following_robot/share/ament_index/resource_index/packages
copying package.xml -> /home/feven/lane_following_ws/install/lane_following_robot/share/lane_following_robot
creating /home/feven/lane_following_ws/install/lane_following_robot/share/lane_following_robot/launch
copying launch/lane_following.launch.py -> /home/feven/lane_following_ws/install/lane_following_robot/share/lane_following_robot/launch
creating /home/feven/lane_following_ws/install/lane_following_robot/share/lane_following_robot/worlds
copying worlds/lane_worldYellowGreen.world -> /home/feven/lane_following_ws/install/lane_following_robot/share/lane_following_robot/worlds
copying worlds/lane_world.world -> /home/feven/lane_following_ws/install/lane_following_robot/share/lane_following_robot/worlds
creating /home/feven/lane_following_ws/install/lane_following_robot/share/lane_following_robot/models
creating /home/feven/lane_following_ws/install/lane_following_robot/share/lane_following_robot/models/lane_bot
copying models/lane_bot/modelBackward.urdf -> /home/feven/lane_following_ws/install/lane_following_robot/share/lane_following_robot/models/lane_bot
copying models/lane_bot/model.urdf -> /home/feven/lane_following_ws/install/lane_following_robot/share/lane_following_robot/models/lane_bot
copying models/lane_bot/modelOld.urdf -> /home/feven/lane_following_ws/install/lane_following_robot/share/lane_following_robot/models/lane_bot
copying models/lane_bot/model.config -> /home/feven/lane_following_ws/install/lane_following_robot/share/lane_following_robot/models/lane_bot
running install_egg_info
Copying ../../build/lane_following_robot/lane_following_robot.egg-info to /home/feven/lane_following_ws/install/lane_following_robot/lib/python3.10/site-packages/lane_following_robot-0.0.0-py3.10.egg-info
running install_scripts
Installing camera_driver script to /home/feven/lane_following_ws/install/lane_following_robot/lib/lane_following_robot
Installing controller script to /home/feven/lane_following_ws/install/lane_following_robot/lib/lane_following_robot
Installing image_processor script to /home/feven/lane_following_ws/install/lane_following_robot/lib/lane_following_robot
Installing spawn_robot script to /home/feven/lane_following_ws/install/lane_following_robot/lib/lane_following_robot
Installing visualizer script to /home/feven/lane_following_ws/install/lane_following_robot/lib/lane_following_robot
writing list of installed files to '/home/feven/lane_following_ws/build/lane_following_robot/install.log'
