[0.330s] Invoking command in '/home/feven/lane_following_ws/src/lane_following_robot': PYTHONPATH=/home/feven/lane_following_ws/build/lane_following_robot/prefix_override:/usr/lib/python3/dist-packages/colcon_core/task/python/colcon_distutils_commands:/home/feven/lane_following_ws/install/lane_following_robot/lib/python3.10/site-packages:${PYTHONPATH} /usr/bin/python3 -W ignore:setup.py install is deprecated -W ignore:easy_install command is deprecated setup.py egg_info --egg-base ../../build/lane_following_robot build --build-base /home/feven/lane_following_ws/build/lane_following_robot/build install --record /home/feven/lane_following_ws/build/lane_following_robot/install.log --single-version-externally-managed install_data
[0.484s] running egg_info
[0.484s] writing ../../build/lane_following_robot/lane_following_robot.egg-info/PKG-INFO
[0.484s] writing dependency_links to ../../build/lane_following_robot/lane_following_robot.egg-info/dependency_links.txt
[0.484s] writing entry points to ../../build/lane_following_robot/lane_following_robot.egg-info/entry_points.txt
[0.484s] writing requirements to ../../build/lane_following_robot/lane_following_robot.egg-info/requires.txt
[0.484s] writing top-level names to ../../build/lane_following_robot/lane_following_robot.egg-info/top_level.txt
[0.485s] reading manifest file '../../build/lane_following_robot/lane_following_robot.egg-info/SOURCES.txt'
[0.486s] writing manifest file '../../build/lane_following_robot/lane_following_robot.egg-info/SOURCES.txt'
[0.487s] running build
[0.487s] running build_py
[0.487s] copying lane_following_robot/image_processor.py -> /home/feven/lane_following_ws/build/lane_following_robot/build/lib/lane_following_robot
[0.488s] copying lane_following_robot/controller.py -> /home/feven/lane_following_ws/build/lane_following_robot/build/lib/lane_following_robot
[0.488s] copying lane_following_robot/spawn_robot.py -> /home/feven/lane_following_ws/build/lane_following_robot/build/lib/lane_following_robot
[0.488s] running install
[0.488s] running install_lib
[0.489s] copying /home/feven/lane_following_ws/build/lane_following_robot/build/lib/lane_following_robot/image_processor.py -> /home/feven/lane_following_ws/install/lane_following_robot/lib/python3.10/site-packages/lane_following_robot
[0.489s] copying /home/feven/lane_following_ws/build/lane_following_robot/build/lib/lane_following_robot/controller.py -> /home/feven/lane_following_ws/install/lane_following_robot/lib/python3.10/site-packages/lane_following_robot
[0.489s] copying /home/feven/lane_following_ws/build/lane_following_robot/build/lib/lane_following_robot/spawn_robot.py -> /home/feven/lane_following_ws/install/lane_following_robot/lib/python3.10/site-packages/lane_following_robot
[0.489s] byte-compiling /home/feven/lane_following_ws/install/lane_following_robot/lib/python3.10/site-packages/lane_following_robot/image_processor.py to image_processor.cpython-310.pyc
[0.491s] byte-compiling /home/feven/lane_following_ws/install/lane_following_robot/lib/python3.10/site-packages/lane_following_robot/controller.py to controller.cpython-310.pyc
[0.491s] byte-compiling /home/feven/lane_following_ws/install/lane_following_robot/lib/python3.10/site-packages/lane_following_robot/spawn_robot.py to spawn_robot.cpython-310.pyc
[0.492s] running install_data
[0.492s] copying launch/lane_following.launch.py -> /home/feven/lane_following_ws/install/lane_following_robot/share/lane_following_robot/launch
[0.492s] running install_egg_info
[0.493s] removing '/home/feven/lane_following_ws/install/lane_following_robot/lib/python3.10/site-packages/lane_following_robot-0.0.0-py3.10.egg-info' (and everything under it)
[0.494s] Copying ../../build/lane_following_robot/lane_following_robot.egg-info to /home/feven/lane_following_ws/install/lane_following_robot/lib/python3.10/site-packages/lane_following_robot-0.0.0-py3.10.egg-info
[0.494s] running install_scripts
[0.508s] Installing camera_driver script to /home/feven/lane_following_ws/install/lane_following_robot/lib/lane_following_robot
[0.508s] Installing controller script to /home/feven/lane_following_ws/install/lane_following_robot/lib/lane_following_robot
[0.508s] Installing image_processor script to /home/feven/lane_following_ws/install/lane_following_robot/lib/lane_following_robot
[0.509s] Installing spawn_robot script to /home/feven/lane_following_ws/install/lane_following_robot/lib/lane_following_robot
[0.509s] Installing visualizer script to /home/feven/lane_following_ws/install/lane_following_robot/lib/lane_following_robot
[0.509s] writing list of installed files to '/home/feven/lane_following_ws/build/lane_following_robot/install.log'
[0.529s] Invoked command in '/home/feven/lane_following_ws/src/lane_following_robot' returned '0': PYTHONPATH=/home/feven/lane_following_ws/build/lane_following_robot/prefix_override:/usr/lib/python3/dist-packages/colcon_core/task/python/colcon_distutils_commands:/home/feven/lane_following_ws/install/lane_following_robot/lib/python3.10/site-packages:${PYTHONPATH} /usr/bin/python3 -W ignore:setup.py install is deprecated -W ignore:easy_install command is deprecated setup.py egg_info --egg-base ../../build/lane_following_robot build --build-base /home/feven/lane_following_ws/build/lane_following_robot/build install --record /home/feven/lane_following_ws/build/lane_following_robot/install.log --single-version-externally-managed install_data
