/home/feven/lane_following_ws/install/lane_following_robot/lib/python3.10/site-packages/lane_following_robot/controllergray.py
/home/feven/lane_following_ws/install/lane_following_robot/lib/python3.10/site-packages/lane_following_robot/visualizer55.py
/home/feven/lane_following_ws/install/lane_following_robot/lib/python3.10/site-packages/lane_following_robot/camera_driver55.py
/home/feven/lane_following_ws/install/lane_following_robot/lib/python3.10/site-packages/lane_following_robot/image_processor_with_no_destination.py
/home/feven/lane_following_ws/install/lane_following_robot/lib/python3.10/site-packages/lane_following_robot/image_processor.py
/home/feven/lane_following_ws/install/lane_following_robot/lib/python3.10/site-packages/lane_following_robot/controller.py
/home/feven/lane_following_ws/install/lane_following_robot/lib/python3.10/site-packages/lane_following_robot/image_processor_stop.py
/home/feven/lane_following_ws/install/lane_following_robot/lib/python3.10/site-packages/lane_following_robot/controller._stop.py
/home/feven/lane_following_ws/install/lane_following_robot/lib/python3.10/site-packages/lane_following_robot/spawn_robot55.py
/home/feven/lane_following_ws/install/lane_following_robot/lib/python3.10/site-packages/lane_following_robot/controller._no_destination.py
/home/feven/lane_following_ws/install/lane_following_robot/lib/python3.10/site-packages/lane_following_robot/camera_driver2.py
/home/feven/lane_following_ws/install/lane_following_robot/lib/python3.10/site-packages/lane_following_robot/test_cv_display.py
/home/feven/lane_following_ws/install/lane_following_robot/lib/python3.10/site-packages/lane_following_robot/spawn_robotAfterRotate.py
/home/feven/lane_following_ws/install/lane_following_robot/lib/python3.10/site-packages/lane_following_robot/__init__.py
/home/feven/lane_following_ws/install/lane_following_robot/lib/python3.10/site-packages/lane_following_robot/controller_rotate_backward.py
/home/feven/lane_following_ws/install/lane_following_robot/lib/python3.10/site-packages/lane_following_robot/controller_friction.py
/home/feven/lane_following_ws/install/lane_following_robot/lib/python3.10/site-packages/lane_following_robot/image_processor_friction_issue.py
/home/feven/lane_following_ws/install/lane_following_robot/lib/python3.10/site-packages/lane_following_robot/__pycache__/controllergray.cpython-310.pyc
/home/feven/lane_following_ws/install/lane_following_robot/lib/python3.10/site-packages/lane_following_robot/__pycache__/visualizer55.cpython-310.pyc
/home/feven/lane_following_ws/install/lane_following_robot/lib/python3.10/site-packages/lane_following_robot/__pycache__/camera_driver55.cpython-310.pyc
/home/feven/lane_following_ws/install/lane_following_robot/lib/python3.10/site-packages/lane_following_robot/__pycache__/image_processor_with_no_destination.cpython-310.pyc
/home/feven/lane_following_ws/install/lane_following_robot/lib/python3.10/site-packages/lane_following_robot/__pycache__/image_processor.cpython-310.pyc
/home/feven/lane_following_ws/install/lane_following_robot/lib/python3.10/site-packages/lane_following_robot/__pycache__/controller.cpython-310.pyc
/home/feven/lane_following_ws/install/lane_following_robot/lib/python3.10/site-packages/lane_following_robot/__pycache__/image_processor_stop.cpython-310.pyc
/home/feven/lane_following_ws/install/lane_following_robot/lib/python3.10/site-packages/lane_following_robot/__pycache__/controller._stop.cpython-310.pyc
/home/feven/lane_following_ws/install/lane_following_robot/lib/python3.10/site-packages/lane_following_robot/__pycache__/spawn_robot55.cpython-310.pyc
/home/feven/lane_following_ws/install/lane_following_robot/lib/python3.10/site-packages/lane_following_robot/__pycache__/controller._no_destination.cpython-310.pyc
/home/feven/lane_following_ws/install/lane_following_robot/lib/python3.10/site-packages/lane_following_robot/__pycache__/camera_driver2.cpython-310.pyc
/home/feven/lane_following_ws/install/lane_following_robot/lib/python3.10/site-packages/lane_following_robot/__pycache__/test_cv_display.cpython-310.pyc
/home/feven/lane_following_ws/install/lane_following_robot/lib/python3.10/site-packages/lane_following_robot/__pycache__/spawn_robotAfterRotate.cpython-310.pyc
/home/feven/lane_following_ws/install/lane_following_robot/lib/python3.10/site-packages/lane_following_robot/__pycache__/__init__.cpython-310.pyc
/home/feven/lane_following_ws/install/lane_following_robot/lib/python3.10/site-packages/lane_following_robot/__pycache__/controller_rotate_backward.cpython-310.pyc
/home/feven/lane_following_ws/install/lane_following_robot/lib/python3.10/site-packages/lane_following_robot/__pycache__/controller_friction.cpython-310.pyc
/home/feven/lane_following_ws/install/lane_following_robot/lib/python3.10/site-packages/lane_following_robot/__pycache__/image_processor_friction_issue.cpython-310.pyc
/home/feven/lane_following_ws/install/lane_following_robot/share/ament_index/resource_index/packages/lane_following_robot
/home/feven/lane_following_ws/install/lane_following_robot/share/lane_following_robot/package.xml
/home/feven/lane_following_ws/install/lane_following_robot/share/lane_following_robot/launch/lane_following.launch.py
/home/feven/lane_following_ws/install/lane_following_robot/share/lane_following_robot/worlds/lane_world_circularr.world
/home/feven/lane_following_ws/install/lane_following_robot/share/lane_following_robot/worlds/lane_world.world
/home/feven/lane_following_ws/install/lane_following_robot/share/lane_following_robot/worlds/lane_world_YellowGreen.world
/home/feven/lane_following_ws/install/lane_following_robot/share/lane_following_robot/worlds/lane_world_s.world
/home/feven/lane_following_ws/install/lane_following_robot/share/lane_following_robot/models/lane_bot/modelBackward.urdf
/home/feven/lane_following_ws/install/lane_following_robot/share/lane_following_robot/models/lane_bot/model.urdf
/home/feven/lane_following_ws/install/lane_following_robot/share/lane_following_robot/models/lane_bot/modelOld.urdf
/home/feven/lane_following_ws/install/lane_following_robot/share/lane_following_robot/models/lane_bot/model.config
/home/feven/lane_following_ws/install/lane_following_robot/lib/python3.10/site-packages/lane_following_robot-0.0.0-py3.10.egg-info/PKG-INFO
/home/feven/lane_following_ws/install/lane_following_robot/lib/python3.10/site-packages/lane_following_robot-0.0.0-py3.10.egg-info/SOURCES.txt
/home/feven/lane_following_ws/install/lane_following_robot/lib/python3.10/site-packages/lane_following_robot-0.0.0-py3.10.egg-info/dependency_links.txt
/home/feven/lane_following_ws/install/lane_following_robot/lib/python3.10/site-packages/lane_following_robot-0.0.0-py3.10.egg-info/zip-safe
/home/feven/lane_following_ws/install/lane_following_robot/lib/python3.10/site-packages/lane_following_robot-0.0.0-py3.10.egg-info/entry_points.txt
/home/feven/lane_following_ws/install/lane_following_robot/lib/python3.10/site-packages/lane_following_robot-0.0.0-py3.10.egg-info/top_level.txt
/home/feven/lane_following_ws/install/lane_following_robot/lib/python3.10/site-packages/lane_following_robot-0.0.0-py3.10.egg-info/requires.txt
/home/feven/lane_following_ws/install/lane_following_robot/lib/lane_following_robot/camera_driver
/home/feven/lane_following_ws/install/lane_following_robot/lib/lane_following_robot/controller
/home/feven/lane_following_ws/install/lane_following_robot/lib/lane_following_robot/image_processor
/home/feven/lane_following_ws/install/lane_following_robot/lib/lane_following_robot/spawn_robot
/home/feven/lane_following_ws/install/lane_following_robot/lib/lane_following_robot/visualizer
